2.910000000000000142e+00 -1.370076834081834782e+00
2.919999999999999929e+00 -2.562429325291594728e-01
2.930000000000000160e+00 4.131106425694165973e-01
2.939999999999999947e+00 -1.803776882557170114e-01
2.950000000000000178e+00 2.466424816983754931e-01
2.959999999999999964e+00 -2.571290182404401548e-01
2.970000000000000195e+00 -7.562823571129275724e-01
2.979999999999999982e+00 -9.597033922663509298e-01
2.990000000000000213e+00 6.102615729147262691e-01
3.000000000000000000e+00 2.305892625435645299e-02
3.010000000000000231e+00 4.191173508881604892e-01
3.020000000000000018e+00 2.290011208546026411e-01
3.030000000000000249e+00 5.905148909723549888e-01
3.040000000000000036e+00 5.572447778466078638e-01
3.050000000000000266e+00 5.939756774137519013e-01
3.060000000000000053e+00 7.394275306303308426e-01
3.070000000000000284e+00 6.054941021712634264e-01
3.080000000000000071e+00 1.029067339704014206e+00
3.089999999999999858e+00 6.565042620981228483e-01
3.100000000000000089e+00 1.286826242503417150e-01
3.109999999999999876e+00 5.204059966270311310e-01
3.120000000000000107e+00 6.414084239880186722e-01
3.129999999999999893e+00 1.149239038966521687e+00
3.140000000000000124e+00 -2.111081508239134319e-01
3.149999999999999911e+00 7.837807175785801439e-01
3.160000000000000142e+00 8.927838741631376474e-01
3.169999999999999929e+00 5.029708057649151520e-02
3.180000000000000160e+00 1.179228850451678579e+00
3.189999999999999947e+00 9.782207398772779783e-03
3.200000000000000178e+00 1.621854187036022577e+00
